Sat Jul 10 11:15:13 2021       LINE: 56       DEBUG: Affichage de la configuration:
Sat Jul 10 11:15:13 2021       LINE: 57       DEBUG: 8:00:00
Sat Jul 10 11:15:13 2021       LINE: 58       DEBUG: 22:00:00
Sat Jul 10 11:15:13 2021       LINE: 59       DEBUG: 00:00:04
Sat Jul 10 11:15:13 2021       LINE: 60       DEBUG: /home/pi/Desktop/Etape-03/albums/
Sat Jul 10 11:15:13 2021       LINE: 62       DEBUG: 400
Sat Jul 10 11:15:13 2021       LINE: 63       DEBUG: 300
Sat Jul 10 11:15:13 2021       LINE: 64       DEBUG: (400, 300)
Sat Jul 10 11:15:13 2021       LINE: 65       DEBUG: 100
Sat Jul 10 11:18:18 2021       LINE: 56       DEBUG: Affichage de la configuration:
Sat Jul 10 11:18:18 2021       LINE: 57       DEBUG: 8:00:00
Sat Jul 10 11:18:19 2021       LINE: 58       DEBUG: 22:00:00
Sat Jul 10 11:18:19 2021       LINE: 59       DEBUG: 00:00:04
Sat Jul 10 11:18:19 2021       LINE: 60       DEBUG: /home/pi/Desktop/Etape-03/albums/
Sat Jul 10 11:18:19 2021       LINE: 62       DEBUG: 400
Sat Jul 10 11:18:19 2021       LINE: 63       DEBUG: 300
Sat Jul 10 11:18:19 2021       LINE: 64       DEBUG: (400, 300)
Sat Jul 10 11:18:19 2021       LINE: 65       DEBUG: 100
Sat Jul 10 11:24:01 2021       LINE: 56       DEBUG: Affichage de la configuration:
Sat Jul 10 11:24:01 2021       LINE: 57       DEBUG: 8:00:00
Sat Jul 10 11:24:01 2021       LINE: 58       DEBUG: 22:00:00
Sat Jul 10 11:24:01 2021       LINE: 59       DEBUG: 00:00:04
Sat Jul 10 11:24:01 2021       LINE: 60       DEBUG: /home/pi/Desktop/Etape-03/albums/
Sat Jul 10 11:24:01 2021       LINE: 62       DEBUG: 400
Sat Jul 10 11:24:01 2021       LINE: 63       DEBUG: 300
Sat Jul 10 11:24:01 2021       LINE: 64       DEBUG: (400, 300)
Sat Jul 10 11:24:01 2021       LINE: 65       DEBUG: 100
Sat Jul 10 11:29:46 2021       LINE: 56       DEBUG: Affichage de la configuration:
Sat Jul 10 11:29:46 2021       LINE: 57       DEBUG: 8:00:00
Sat Jul 10 11:29:46 2021       LINE: 58       DEBUG: 22:00:00
Sat Jul 10 11:29:46 2021       LINE: 59       DEBUG: 00:00:04
Sat Jul 10 11:29:46 2021       LINE: 60       DEBUG: /home/pi/Desktop/Etape-03/albums/
Sat Jul 10 11:29:46 2021       LINE: 62       DEBUG: 400
Sat Jul 10 11:29:46 2021       LINE: 63       DEBUG: 300
Sat Jul 10 11:29:46 2021       LINE: 64       DEBUG: (400, 300)
Sat Jul 10 11:29:46 2021       LINE: 65       DEBUG: 100
Sat Jul 10 11:30:43 2021       LINE: 56       DEBUG: Affichage de la configuration:
Sat Jul 10 11:30:43 2021       LINE: 57       DEBUG: 8:00:00
Sat Jul 10 11:30:43 2021       LINE: 58       DEBUG: 22:00:00
Sat Jul 10 11:30:43 2021       LINE: 59       DEBUG: 00:00:04
Sat Jul 10 11:30:43 2021       LINE: 60       DEBUG: /home/pi/Desktop/Etape-03/albums/
Sat Jul 10 11:30:43 2021       LINE: 62       DEBUG: 400
Sat Jul 10 11:30:43 2021       LINE: 63       DEBUG: 300
Sat Jul 10 11:30:43 2021       LINE: 64       DEBUG: (400, 300)
Sat Jul 10 11:30:43 2021       LINE: 65       DEBUG: 100
Sat Jul 10 11:31:17 2021       LINE: 56       DEBUG: Affichage de la configuration:
Sat Jul 10 11:31:17 2021       LINE: 57       DEBUG: 8:00:00
Sat Jul 10 11:31:17 2021       LINE: 58       DEBUG: 22:00:00
Sat Jul 10 11:31:17 2021       LINE: 59       DEBUG: 00:00:04
Sat Jul 10 11:31:17 2021       LINE: 60       DEBUG: /home/pi/Desktop/Etape-03/albums/
Sat Jul 10 11:31:17 2021       LINE: 62       DEBUG: 400
Sat Jul 10 11:31:17 2021       LINE: 63       DEBUG: 300
Sat Jul 10 11:31:17 2021       LINE: 64       DEBUG: (400, 300)
Sat Jul 10 11:31:17 2021       LINE: 65       DEBUG: 100
Sat Jul 10 11:31:32 2021       LINE: 56       DEBUG: Affichage de la configuration:
Sat Jul 10 11:31:32 2021       LINE: 57       DEBUG: 8:00:00
Sat Jul 10 11:31:32 2021       LINE: 58       DEBUG: 22:00:00
Sat Jul 10 11:31:32 2021       LINE: 59       DEBUG: 00:00:04
Sat Jul 10 11:31:32 2021       LINE: 60       DEBUG: /home/pi/Desktop/Etape-03/albums/
Sat Jul 10 11:31:32 2021       LINE: 62       DEBUG: 400
Sat Jul 10 11:31:32 2021       LINE: 63       DEBUG: 300
Sat Jul 10 11:31:32 2021       LINE: 64       DEBUG: (400, 300)
Sat Jul 10 11:31:32 2021       LINE: 65       DEBUG: 100
Sat Jul 10 11:33:01 2021       LINE: 56       DEBUG: Affichage de la configuration:
Sat Jul 10 11:33:01 2021       LINE: 57       DEBUG: 8:00:00
Sat Jul 10 11:33:01 2021       LINE: 58       DEBUG: 22:00:00
Sat Jul 10 11:33:01 2021       LINE: 59       DEBUG: 00:00:04
Sat Jul 10 11:33:01 2021       LINE: 60       DEBUG: /home/pi/Desktop/Etape-03/albums/
Sat Jul 10 11:33:01 2021       LINE: 62       DEBUG: 400
Sat Jul 10 11:33:01 2021       LINE: 63       DEBUG: 300
Sat Jul 10 11:33:01 2021       LINE: 64       DEBUG: (400, 300)
Sat Jul 10 11:33:01 2021       LINE: 65       DEBUG: 100
Sat Jul 10 11:34:15 2021       LINE: 56       DEBUG: Affichage de la configuration:
Sat Jul 10 11:34:15 2021       LINE: 57       DEBUG: 8:00:00
Sat Jul 10 11:34:15 2021       LINE: 58       DEBUG: 22:00:00
Sat Jul 10 11:34:15 2021       LINE: 59       DEBUG: 00:00:04
Sat Jul 10 11:34:15 2021       LINE: 60       DEBUG: /home/pi/Desktop/Etape-03/albums/
Sat Jul 10 11:34:15 2021       LINE: 62       DEBUG: 400
Sat Jul 10 11:34:15 2021       LINE: 63       DEBUG: 300
Sat Jul 10 11:34:15 2021       LINE: 64       DEBUG: (400, 300)
Sat Jul 10 11:34:15 2021       LINE: 65       DEBUG: 100
Sat Jul 10 11:34:59 2021       LINE: 56       DEBUG: Affichage de la configuration:
Sat Jul 10 11:34:59 2021       LINE: 57       DEBUG: 8:00:00
Sat Jul 10 11:34:59 2021       LINE: 58       DEBUG: 22:00:00
Sat Jul 10 11:34:59 2021       LINE: 59       DEBUG: 00:00:04
Sat Jul 10 11:34:59 2021       LINE: 60       DEBUG: /home/pi/Desktop/Etape-03/albums/
Sat Jul 10 11:34:59 2021       LINE: 62       DEBUG: 400
Sat Jul 10 11:34:59 2021       LINE: 63       DEBUG: 300
Sat Jul 10 11:34:59 2021       LINE: 64       DEBUG: (400, 300)
Sat Jul 10 11:34:59 2021       LINE: 65       DEBUG: 100
Sat Jul 10 11:36:47 2021       LINE: 56       DEBUG: Affichage de la configuration:
Sat Jul 10 11:36:47 2021       LINE: 57       DEBUG: 8:00:00
Sat Jul 10 11:36:47 2021       LINE: 58       DEBUG: 22:00:00
Sat Jul 10 11:36:47 2021       LINE: 59       DEBUG: 00:00:04
Sat Jul 10 11:36:47 2021       LINE: 60       DEBUG: /home/pi/Desktop/Etape-03/albums/
Sat Jul 10 11:36:47 2021       LINE: 62       DEBUG: 400
Sat Jul 10 11:36:47 2021       LINE: 63       DEBUG: 300
Sat Jul 10 11:36:47 2021       LINE: 64       DEBUG: (400, 300)
Sat Jul 10 11:36:47 2021       LINE: 65       DEBUG: 100
Sat Jul 10 11:38:17 2021       LINE: 56       DEBUG: Affichage de la configuration:
Sat Jul 10 11:38:17 2021       LINE: 57       DEBUG: 8:00:00
Sat Jul 10 11:38:17 2021       LINE: 58       DEBUG: 22:00:00
Sat Jul 10 11:38:17 2021       LINE: 59       DEBUG: 00:00:04
Sat Jul 10 11:38:17 2021       LINE: 60       DEBUG: /home/pi/Desktop/Etape-03/albums/
Sat Jul 10 11:38:17 2021       LINE: 62       DEBUG: 400
Sat Jul 10 11:38:17 2021       LINE: 63       DEBUG: 300
Sat Jul 10 11:38:17 2021       LINE: 64       DEBUG: (400, 300)
Sat Jul 10 11:38:17 2021       LINE: 65       DEBUG: 100
Sat Jul 10 11:39:16 2021       LINE: 56       DEBUG: Affichage de la configuration:
Sat Jul 10 11:39:16 2021       LINE: 57       DEBUG: 8:00:00
Sat Jul 10 11:39:16 2021       LINE: 58       DEBUG: 22:00:00
Sat Jul 10 11:39:16 2021       LINE: 59       DEBUG: 00:00:04
Sat Jul 10 11:39:16 2021       LINE: 60       DEBUG: /home/pi/Desktop/Etape-03/albums/
Sat Jul 10 11:39:16 2021       LINE: 62       DEBUG: 400
Sat Jul 10 11:39:16 2021       LINE: 63       DEBUG: 300
Sat Jul 10 11:39:16 2021       LINE: 64       DEBUG: (400, 300)
Sat Jul 10 11:39:16 2021       LINE: 65       DEBUG: 100
Sat Jul 10 11:40:04 2021       LINE: 56       DEBUG: Affichage de la configuration:
Sat Jul 10 11:40:04 2021       LINE: 57       DEBUG: 12:00:00
Sat Jul 10 11:40:04 2021       LINE: 58       DEBUG: 22:00:00
Sat Jul 10 11:40:04 2021       LINE: 59       DEBUG: 00:00:04
Sat Jul 10 11:40:04 2021       LINE: 60       DEBUG: /home/pi/Desktop/Etape-03/albums/
Sat Jul 10 11:40:04 2021       LINE: 62       DEBUG: 400
Sat Jul 10 11:40:04 2021       LINE: 63       DEBUG: 300
Sat Jul 10 11:40:04 2021       LINE: 64       DEBUG: (400, 300)
Sat Jul 10 11:40:04 2021       LINE: 65       DEBUG: 100
Sat Jul 10 11:41:10 2021       LINE: 56       DEBUG: Affichage de la configuration:
Sat Jul 10 11:41:10 2021       LINE: 57       DEBUG: 8:00:00
Sat Jul 10 11:41:10 2021       LINE: 58       DEBUG: 22:00:00
Sat Jul 10 11:41:10 2021       LINE: 59       DEBUG: 00:00:04
Sat Jul 10 11:41:10 2021       LINE: 60       DEBUG: /home/pi/Desktop/Etape-03/albums/
Sat Jul 10 11:41:10 2021       LINE: 62       DEBUG: 400
Sat Jul 10 11:41:10 2021       LINE: 63       DEBUG: 300
Sat Jul 10 11:41:10 2021       LINE: 64       DEBUG: (400, 300)
Sat Jul 10 11:41:10 2021       LINE: 65       DEBUG: 100
Sat Jul 10 11:44:46 2021       LINE: 56       DEBUG: Affichage de la configuration:
Sat Jul 10 11:44:46 2021       LINE: 57       DEBUG: 8:00:00
Sat Jul 10 11:44:46 2021       LINE: 58       DEBUG: 22:00:00
Sat Jul 10 11:44:46 2021       LINE: 59       DEBUG: 00:00:04
Sat Jul 10 11:44:46 2021       LINE: 60       DEBUG: /home/pi/Desktop/Etape-03/albums/
Sat Jul 10 11:44:46 2021       LINE: 62       DEBUG: 400
Sat Jul 10 11:44:46 2021       LINE: 63       DEBUG: 300
Sat Jul 10 11:44:46 2021       LINE: 64       DEBUG: (400, 300)
Sat Jul 10 11:44:46 2021       LINE: 65       DEBUG: 100
Sat Jul 10 11:44:55 2021       LINE: 56       DEBUG: Affichage de la configuration:
Sat Jul 10 11:44:55 2021       LINE: 57       DEBUG: 8:00:00
Sat Jul 10 11:44:55 2021       LINE: 58       DEBUG: 22:00:00
Sat Jul 10 11:44:55 2021       LINE: 59       DEBUG: 00:00:04
Sat Jul 10 11:44:55 2021       LINE: 60       DEBUG: /home/pi/Desktop/Etape-03/albums/
Sat Jul 10 11:44:55 2021       LINE: 62       DEBUG: 400
Sat Jul 10 11:44:55 2021       LINE: 63       DEBUG: 300
Sat Jul 10 11:44:55 2021       LINE: 64       DEBUG: (400, 300)
Sat Jul 10 11:44:55 2021       LINE: 65       DEBUG: 100
Sat Jul 10 11:46:45 2021       LINE: 56       DEBUG: Affichage de la configuration:
Sat Jul 10 11:46:45 2021       LINE: 57       DEBUG: 8:00:00
Sat Jul 10 11:46:45 2021       LINE: 58       DEBUG: 22:00:00
Sat Jul 10 11:46:45 2021       LINE: 59       DEBUG: 00:00:04
Sat Jul 10 11:46:45 2021       LINE: 60       DEBUG: /home/pi/Desktop/Etape-03/albums/
Sat Jul 10 11:46:45 2021       LINE: 62       DEBUG: 400
Sat Jul 10 11:46:45 2021       LINE: 63       DEBUG: 300
Sat Jul 10 11:46:45 2021       LINE: 64       DEBUG: (400, 300)
Sat Jul 10 11:46:45 2021       LINE: 65       DEBUG: 100
